2024-05-07 13:26:32 INFO  Log:7 - =====================================Data validation TEST START=========================================
2024-05-09 14:18:28 INFO  Log:7 - =====================================Regression TEST START=========================================
2024-05-09 14:18:32 INFO  Log:7 - =====================================Regression TEST START=========================================
2024-05-09 14:22:29 INFO  Log:7 - =====================================Regression TEST START=========================================
2024-05-09 16:24:15 INFO  Log:7 - =====================================Regression TEST START=========================================
2024-05-09 16:24:43 INFO  Log:7 - =====================================Regression TEST START=========================================
2024-05-09 16:26:36 INFO  Log:7 - =====================================Regression TEST START=========================================
2024-05-09 16:26:40 INFO  Log:7 - =====================================Regression TEST START=========================================
2024-05-09 16:27:42 INFO  Log:7 - =====================================Regression TEST START=========================================
2024-05-09 16:27:44 INFO  Log:7 - =====================================Regression TEST START=========================================
2024-05-09 16:27:46 INFO  Log:7 - =====================================Regression TEST START=========================================
2024-05-09 16:27:49 INFO  Log:7 - =====================================Regression TEST START=========================================
2024-05-09 16:27:51 INFO  Log:7 - =====================================Regression TEST START=========================================
2024-05-09 16:29:57 INFO  Log:7 - =====================================Regression TEST START=========================================
2024-05-09 16:29:59 INFO  Log:7 - =====================================Regression TEST START=========================================
2024-05-09 16:30:01 INFO  Log:7 - =====================================Regression TEST START=========================================
2024-05-09 16:30:04 INFO  Log:7 - =====================================Regression TEST START=========================================
2024-05-09 16:30:06 INFO  Log:7 - =====================================Regression TEST START=========================================
2024-05-09 16:36:52 INFO  Log:7 - =====================================Regression TEST START=========================================
2024-05-09 16:40:08 INFO  Log:7 - =====================================Regression TEST START=========================================
2024-05-09 16:40:10 INFO  Log:7 - =====================================Regression TEST START=========================================
2024-05-09 16:40:12 INFO  Log:7 - =====================================Regression TEST START=========================================
2024-05-09 16:46:29 INFO  Log:7 - =====================================Regression TEST START=========================================
2024-05-09 16:47:16 INFO  Log:7 - =====================================Regression TEST START=========================================
2024-05-09 16:48:01 INFO  Log:7 - =====================================Regression TEST START=========================================
2024-05-09 16:48:03 INFO  Log:7 - =====================================Regression TEST START=========================================
2024-05-09 16:48:06 INFO  Log:7 - =====================================Regression TEST START=========================================
2024-05-09 17:00:13 INFO  Log:7 - =====================================Regression TEST START=========================================
2024-05-09 17:00:22 INFO  Log:7 - =====================================Regression TEST START=========================================
2024-05-09 17:00:33 INFO  Log:7 - =====================================Regression TEST START=========================================
2024-05-09 17:02:18 INFO  Log:7 - =====================================Regression TEST START=========================================
2024-05-13 12:57:44 INFO  Log:7 - =====================================Data validation TEST START=========================================
2024-05-13 12:58:16 INFO  Log:7 - =====================================Data validation TEST START=========================================
2024-05-13 12:59:48 INFO  Log:7 - =====================================Data validation TEST START=========================================
2024-05-13 13:00:14 INFO  Log:7 - =====================================Data validation TEST START=========================================
2024-05-13 13:00:52 INFO  Log:7 - =====================================Data validation TEST START=========================================
2024-05-13 13:01:10 INFO  Log:18 - Result saving
2024-05-13 13:01:10 INFO  Log:18 - Compare result
2024-05-13 13:01:10 INFO  Log:11 - =====================================End data validation TEST END=========================================
2024-05-13 13:01:14 INFO  Log:7 - =====================================Data validation TEST START=========================================
2024-05-13 13:22:26 INFO  Log:7 - =====================================Regression TEST START=========================================
2024-05-13 13:22:29 INFO  Log:7 - =====================================Regression TEST START=========================================
2024-05-13 13:22:33 INFO  Log:7 - =====================================Regression TEST START=========================================
2024-05-13 13:28:06 INFO  Log:7 - =====================================Regression TEST START=========================================
2024-05-13 13:28:12 INFO  Log:7 - =====================================Regression TEST START=========================================
2024-05-13 13:34:08 INFO  Log:7 - =====================================Regression TEST START=========================================
2024-05-13 13:34:14 INFO  Log:7 - =====================================Regression TEST START=========================================
2024-05-13 13:34:18 INFO  Log:7 - =====================================Regression TEST START=========================================
2024-05-13 13:34:26 INFO  Log:7 - =====================================Regression TEST START=========================================
2024-05-13 13:37:52 INFO  Log:7 - =====================================Regression TEST START=========================================
2024-05-13 13:38:00 INFO  Log:7 - =====================================Regression TEST START=========================================
2024-05-13 13:38:03 INFO  Log:7 - =====================================Regression TEST START=========================================
2024-05-13 13:40:38 INFO  Log:7 - =====================================Regression TEST START=========================================
2024-05-13 13:40:42 INFO  Log:7 - =====================================Regression TEST START=========================================
2024-05-13 13:40:45 INFO  Log:7 - =====================================Regression TEST START=========================================
2024-05-13 13:40:48 INFO  Log:7 - =====================================Regression TEST START=========================================
2024-05-13 13:45:05 INFO  Log:7 - =====================================Regression TEST START=========================================
2024-05-13 13:45:16 INFO  Log:7 - =====================================Regression TEST START=========================================
2024-05-13 13:46:39 INFO  Log:7 - =====================================Regression TEST START=========================================
2024-05-13 13:46:42 INFO  Log:7 - =====================================Regression TEST START=========================================
2024-05-13 13:46:46 INFO  Log:7 - =====================================Regression TEST START=========================================
2024-05-13 13:50:35 INFO  Log:7 - =====================================Regression TEST START=========================================
2024-05-13 13:50:39 INFO  Log:7 - =====================================Regression TEST START=========================================
2024-05-13 13:53:46 INFO  Log:7 - =====================================Regression TEST START=========================================
2024-05-13 13:56:31 INFO  Log:7 - =====================================Regression TEST START=========================================
2024-05-13 13:56:35 INFO  Log:7 - =====================================Regression TEST START=========================================
2024-05-13 13:58:38 INFO  Log:7 - =====================================Regression TEST START=========================================
2024-05-13 13:58:42 INFO  Log:7 - =====================================Regression TEST START=========================================
2024-05-13 14:03:49 INFO  Log:7 - =====================================Regression TEST START=========================================
2024-05-13 14:03:54 INFO  Log:7 - =====================================Regression TEST START=========================================
2024-05-13 14:03:58 INFO  Log:7 - =====================================Regression TEST START=========================================
2024-05-13 14:05:52 INFO  Log:7 - =====================================Regression TEST START=========================================
2024-05-13 14:05:56 INFO  Log:7 - =====================================Regression TEST START=========================================
2024-05-13 14:15:59 INFO  Log:7 - =====================================Regression TEST START=========================================
2024-05-13 14:16:02 INFO  Log:7 - =====================================Regression TEST START=========================================
2024-05-13 14:16:07 INFO  Log:7 - =====================================Regression TEST START=========================================
2024-05-13 14:18:00 INFO  Log:7 - =====================================Regression TEST START=========================================
2024-05-13 14:18:03 INFO  Log:7 - =====================================Regression TEST START=========================================
2024-05-13 14:22:24 INFO  Log:7 - =====================================Regression TEST START=========================================
2024-05-13 14:22:27 INFO  Log:7 - =====================================Regression TEST START=========================================
2024-05-13 14:23:53 INFO  Log:7 - =====================================Regression TEST START=========================================
2024-05-13 14:23:57 INFO  Log:7 - =====================================Regression TEST START=========================================
2024-05-13 14:24:01 INFO  Log:7 - =====================================Regression TEST START=========================================
2024-05-13 14:24:05 INFO  Log:7 - =====================================Regression TEST START=========================================
2024-05-13 14:26:04 INFO  Log:7 - =====================================Regression TEST START=========================================
2024-05-13 14:26:07 INFO  Log:7 - =====================================Regression TEST START=========================================
2024-05-13 14:26:10 INFO  Log:7 - =====================================Regression TEST START=========================================
2024-05-13 14:26:13 INFO  Log:7 - =====================================Regression TEST START=========================================
2024-05-13 14:32:47 INFO  Log:7 - =====================================Regression TEST START=========================================
2024-05-13 14:32:50 INFO  Log:7 - =====================================Regression TEST START=========================================
2024-05-13 14:32:54 INFO  Log:7 - =====================================Regression TEST START=========================================
2024-05-13 14:36:10 INFO  Log:7 - =====================================Regression TEST START=========================================
2024-05-13 14:36:13 INFO  Log:7 - =====================================Regression TEST START=========================================
2024-05-13 14:36:17 INFO  Log:7 - =====================================Regression TEST START=========================================
2024-05-13 14:36:19 INFO  Log:7 - =====================================Regression TEST START=========================================
2024-05-13 14:59:34 INFO  Log:7 - =====================================Regression TEST START=========================================
2024-05-13 14:59:37 INFO  Log:7 - =====================================Regression TEST START=========================================
2024-05-13 14:59:39 INFO  Log:7 - =====================================Regression TEST START=========================================
2024-05-13 15:02:39 INFO  Log:7 - =====================================Regression TEST START=========================================
2024-05-13 15:02:42 INFO  Log:7 - =====================================Regression TEST START=========================================
2024-05-13 15:02:44 INFO  Log:7 - =====================================Regression TEST START=========================================
2024-05-13 15:02:46 INFO  Log:7 - =====================================Regression TEST START=========================================
2024-05-13 15:04:34 INFO  Log:7 - =====================================Regression TEST START=========================================
2024-05-13 15:05:06 INFO  Log:7 - =====================================Regression TEST START=========================================
2024-05-13 15:06:45 INFO  Log:7 - =====================================Regression TEST START=========================================
2024-05-13 15:07:16 INFO  Log:7 - =====================================Regression TEST START=========================================
2024-05-13 15:10:36 INFO  Log:7 - =====================================Regression TEST START=========================================
2024-05-13 15:11:07 INFO  Log:7 - =====================================Regression TEST START=========================================
2024-05-13 15:27:30 INFO  Log:7 - =====================================Regression TEST START=========================================
2024-05-13 15:28:01 INFO  Log:7 - =====================================Regression TEST START=========================================
2024-05-13 15:35:23 INFO  Log:7 - =====================================Regression TEST START=========================================
2024-05-13 15:35:54 INFO  Log:7 - =====================================Regression TEST START=========================================
2024-05-13 15:37:38 INFO  Log:7 - =====================================Regression TEST START=========================================
2024-05-13 15:38:10 INFO  Log:7 - =====================================Regression TEST START=========================================
2024-05-13 15:45:32 INFO  Log:7 - =====================================Regression TEST START=========================================
2024-05-13 15:46:03 INFO  Log:7 - =====================================Regression TEST START=========================================
2024-05-13 15:46:35 INFO  Log:7 - =====================================Regression TEST START=========================================
2024-05-13 15:54:02 INFO  Log:7 - =====================================Regression TEST START=========================================
2024-05-13 15:54:30 INFO  Log:7 - =====================================Regression TEST START=========================================
2024-05-13 15:55:07 INFO  Log:7 - =====================================Regression TEST START=========================================
2024-05-13 15:55:49 INFO  Log:7 - =====================================Regression TEST START=========================================
2024-05-13 21:24:29 INFO  Log:7 - =====================================Regression TEST START=========================================
2024-05-13 21:25:15 INFO  Log:7 - =====================================Regression TEST START=========================================
2024-05-13 21:26:03 INFO  Log:7 - =====================================Regression TEST START=========================================
2024-05-13 21:29:18 INFO  Log:7 - =====================================Regression TEST START=========================================
2024-05-13 21:31:15 INFO  Log:7 - =====================================Regression TEST START=========================================
2024-05-13 21:32:30 INFO  Log:7 - =====================================Regression TEST START=========================================
2024-05-14 12:57:06 INFO  Log:7 - =====================================Regression TEST START=========================================
2024-05-14 12:57:45 INFO  Log:7 - =====================================Regression TEST START=========================================
2024-05-14 13:01:02 INFO  Log:7 - =====================================Regression TEST START=========================================
2024-05-14 13:01:36 INFO  Log:7 - =====================================Regression TEST START=========================================
2024-05-14 13:02:10 INFO  Log:7 - =====================================Regression TEST START=========================================
2024-05-14 13:02:44 INFO  Log:7 - =====================================Regression TEST START=========================================
2024-05-14 13:03:17 INFO  Log:7 - =====================================Regression TEST START=========================================
2024-05-14 13:51:55 INFO  Log:7 - =====================================Regression TEST START=========================================
2024-05-14 13:52:44 INFO  Log:7 - =====================================Regression TEST START=========================================
2024-05-14 13:53:21 INFO  Log:7 - =====================================Regression TEST START=========================================
2024-05-14 14:01:20 INFO  Log:7 - =====================================Regression TEST START=========================================
2024-05-14 14:02:09 INFO  Log:7 - =====================================Regression TEST START=========================================
2024-05-14 14:06:26 INFO  Log:7 - =====================================Regression TEST START=========================================
2024-05-14 14:06:34 INFO  Log:7 - =====================================Regression TEST START=========================================
2024-05-14 14:06:37 INFO  Log:7 - =====================================Regression TEST START=========================================
2024-05-14 16:44:29 INFO  Log:7 - =====================================Regression TEST START=========================================
2024-05-14 16:45:01 INFO  Log:7 - =====================================Regression TEST START=========================================
2024-05-14 16:48:45 INFO  Log:7 - =====================================Regression TEST START=========================================
2024-05-14 16:48:50 INFO  Log:7 - =====================================Regression TEST START=========================================
2024-05-14 16:49:41 INFO  Log:7 - =====================================Regression TEST START=========================================
2024-05-14 16:50:36 INFO  Log:7 - =====================================Regression TEST START=========================================
2024-05-14 16:52:20 INFO  Log:7 - =====================================Regression TEST START=========================================
2024-05-14 16:52:52 INFO  Log:7 - =====================================Regression TEST START=========================================
2024-05-14 16:53:26 INFO  Log:7 - =====================================Regression TEST START=========================================
2024-05-14 16:54:02 INFO  Log:7 - =====================================Regression TEST START=========================================
2024-05-14 17:09:14 INFO  Log:7 - =====================================Regression TEST START=========================================
2024-05-14 17:09:17 INFO  Log:7 - =====================================Regression TEST START=========================================
2024-05-14 17:09:20 INFO  Log:7 - =====================================Regression TEST START=========================================
2024-05-14 17:09:23 INFO  Log:7 - =====================================Regression TEST START=========================================
2024-05-14 17:09:52 INFO  Log:7 - =====================================Regression TEST START=========================================
2024-05-15 12:23:14 INFO  Log:7 - =====================================Regression TEST START=========================================
2024-05-15 12:24:14 INFO  Log:7 - =====================================Regression TEST START=========================================
2024-05-15 12:24:58 INFO  Log:7 - =====================================Regression TEST START=========================================
2024-05-15 12:55:35 INFO  Log:7 - =====================================Regression TEST START=========================================
2024-05-15 12:56:22 INFO  Log:7 - =====================================Regression TEST START=========================================
2024-05-15 12:57:15 INFO  Log:7 - =====================================Regression TEST START=========================================
2024-05-15 12:58:00 INFO  Log:7 - =====================================Regression TEST START=========================================
2024-05-15 13:56:17 INFO  Log:7 - =====================================Regression TEST START=========================================
2024-05-15 13:56:25 INFO  Log:7 - =====================================Regression TEST START=========================================
2024-05-16 15:23:39 INFO  Log:7 - =====================================Regression TEST START=========================================
2024-05-16 15:25:33 INFO  Log:7 - =====================================Regression TEST START=========================================
2024-05-16 16:12:27 INFO  Log:7 - =====================================Regression TEST START=========================================
2024-05-16 16:13:59 INFO  Log:7 - =====================================Regression TEST START=========================================
2024-05-16 16:14:42 INFO  Log:7 - =====================================Regression TEST START=========================================
2024-05-16 16:15:56 INFO  Log:7 - =====================================Regression TEST START=========================================
2024-05-16 16:17:27 INFO  Log:7 - =====================================Regression TEST START=========================================
2024-05-16 17:34:53 INFO  Log:7 - =====================================Regression TEST START=========================================
2024-05-16 17:46:02 INFO  Log:7 - =====================================Regression TEST START=========================================
2024-06-06 17:25:23 INFO  Log:7 - =====================================Regression TEST START=========================================
2024-06-06 17:28:15 INFO  Log:7 - =====================================Regression TEST START=========================================
2024-06-06 17:30:43 INFO  Log:7 - =====================================Regression TEST START=========================================
2024-06-06 17:31:07 INFO  Log:7 - =====================================Regression TEST START=========================================
2024-06-06 17:31:36 INFO  Log:7 - =====================================Regression TEST START=========================================
2024-06-06 17:32:00 INFO  Log:7 - =====================================Regression TEST START=========================================
2024-06-06 17:33:23 INFO  Log:7 - =====================================Regression TEST START=========================================
2024-06-06 17:33:48 INFO  Log:7 - =====================================Regression TEST START=========================================
2024-06-06 17:34:12 INFO  Log:7 - =====================================Regression TEST START=========================================
2024-06-06 17:34:40 INFO  Log:7 - =====================================Regression TEST START=========================================
2024-06-06 17:35:02 INFO  Log:7 - =====================================Regression TEST START=========================================
2024-06-06 17:43:57 INFO  Log:7 - =====================================Data validation TEST START=========================================
2024-06-06 17:57:29 INFO  Log:7 - =====================================Regression TEST START=========================================
2024-06-06 17:57:53 INFO  Log:7 - =====================================Regression TEST START=========================================
2024-06-06 18:01:30 INFO  Log:7 - =====================================Regression TEST START=========================================
2024-06-06 18:01:53 INFO  Log:7 - =====================================Regression TEST START=========================================
2024-06-06 18:04:43 INFO  Log:7 - =====================================Regression TEST START=========================================
2024-06-06 18:05:03 INFO  Log:7 - =====================================Regression TEST START=========================================
2024-06-06 18:07:18 INFO  Log:7 - =====================================Regression TEST START=========================================
2024-06-06 18:07:38 INFO  Log:7 - =====================================Regression TEST START=========================================
2024-06-06 18:08:48 INFO  Log:7 - =====================================Regression TEST START=========================================
2024-06-06 18:09:11 INFO  Log:7 - =====================================Regression TEST START=========================================
2024-06-06 18:14:54 INFO  Log:7 - =====================================Regression TEST START=========================================
2024-06-06 18:15:17 INFO  Log:7 - =====================================Regression TEST START=========================================
2024-06-06 18:19:25 INFO  Log:7 - =====================================Regression TEST START=========================================
2024-06-06 18:19:53 INFO  Log:7 - =====================================Regression TEST START=========================================
2024-06-10 18:50:09 INFO  Log:7 - =====================================Regression TEST START=========================================
2024-06-10 18:51:45 INFO  Log:7 - =====================================Regression TEST START=========================================
2024-06-10 18:52:09 INFO  Log:7 - =====================================Regression TEST START=========================================
2024-06-10 19:12:13 INFO  Log:7 - =====================================Regression TEST START=========================================
2024-06-10 19:12:56 INFO  Log:7 - =====================================Regression TEST START=========================================
2024-06-10 19:13:23 INFO  Log:7 - =====================================Regression TEST START=========================================
2024-06-10 19:13:49 INFO  Log:7 - =====================================Regression TEST START=========================================
2024-06-10 19:26:02 INFO  Log:7 - =====================================Regression TEST START=========================================
2024-06-10 19:26:28 INFO  Log:7 - =====================================Regression TEST START=========================================
2024-06-10 19:26:53 INFO  Log:7 - =====================================Regression TEST START=========================================
2024-06-10 19:27:17 INFO  Log:7 - =====================================Regression TEST START=========================================
2024-06-10 19:29:57 INFO  Log:7 - =====================================Regression TEST START=========================================
2024-06-10 19:30:22 INFO  Log:7 - =====================================Regression TEST START=========================================
2024-06-10 19:40:29 INFO  Log:7 - =====================================Regression TEST START=========================================
2024-06-11 20:28:41 INFO  Log:7 - =====================================Validation des données TEST START=========================================
2024-06-11 20:28:41 INFO  Log:18 - Début de l'insertion des données...
2024-06-11 20:28:52 INFO  Log:7 - =====================================Validation des données TEST START=========================================
2024-06-11 20:28:52 INFO  Log:18 - Début de l'insertion des données...
2024-06-12 18:37:34 INFO  Log:7 - =====================================Validation des données TEST START=========================================
2024-06-12 18:37:34 INFO  Log:18 - Début de l'insertion des données...
2024-06-12 18:37:53 INFO  Log:7 - =====================================Validation des données TEST START=========================================
2024-06-12 18:37:53 INFO  Log:18 - Début de l'insertion des données...
2024-06-12 18:40:57 INFO  Log:7 - =====================================Validation des données TEST START=========================================
2024-06-12 18:40:57 INFO  Log:18 - Début de l'insertion des données...
2024-06-12 18:41:14 INFO  Log:18 - Résultat enregistré avec succès.
2024-06-12 18:41:14 INFO  Log:18 - Comparaison terminée. Nombre de champs corrects : 3
2024-06-12 18:41:14 INFO  Log:18 - Validation réussie. Au moins 3 champs correspondent.
2024-06-12 18:41:14 INFO  Log:11 - =====================================Fin de la validation des données TEST END=========================================
2024-06-12 18:41:16 INFO  Log:7 - =====================================Validation des données TEST START=========================================
2024-06-12 18:41:16 INFO  Log:18 - Début de l'insertion des données...
2024-06-12 18:41:34 INFO  Log:18 - Résultat enregistré avec succès.
2024-06-12 18:41:34 INFO  Log:18 - Comparaison terminée. Nombre de champs corrects : 2
2024-06-12 18:41:34 INFO  Log:18 - La validation a échoué : Au moins 3 champs ne correspondent pas.
2024-06-12 18:41:36 INFO  Log:7 - =====================================Validation des données TEST START=========================================
2024-06-12 18:41:36 INFO  Log:18 - Début de l'insertion des données...
2024-06-12 18:42:58 INFO  Log:7 - =====================================Validation des données TEST START=========================================
2024-06-12 18:42:58 INFO  Log:18 - Début de l'insertion des données...
2024-06-12 18:43:20 INFO  Log:18 - Résultat enregistré avec succès.
2024-06-12 18:43:20 INFO  Log:18 - Comparaison terminée. Nombre de champs corrects : 3
2024-06-12 18:43:20 INFO  Log:18 - Validation réussie. Au moins 3 champs correspondent.
2024-06-12 18:43:20 INFO  Log:11 - =====================================Fin de la validation des données TEST END=========================================
2024-06-12 18:43:22 INFO  Log:7 - =====================================Validation des données TEST START=========================================
2024-06-12 18:43:22 INFO  Log:18 - Début de l'insertion des données...
2024-06-12 18:43:39 INFO  Log:18 - Résultat enregistré avec succès.
2024-06-12 18:43:39 INFO  Log:18 - Comparaison terminée. Nombre de champs corrects : 2
2024-06-12 18:43:39 INFO  Log:18 - La validation a échoué : Au moins 3 champs ne correspondent pas.
2024-06-12 18:43:41 INFO  Log:7 - =====================================Validation des données TEST START=========================================
2024-06-12 18:43:41 INFO  Log:18 - Début de l'insertion des données...
2024-06-12 18:43:57 INFO  Log:18 - Résultat enregistré avec succès.
2024-06-12 18:43:57 INFO  Log:18 - Comparaison terminée. Nombre de champs corrects : 3
2024-06-12 18:43:57 INFO  Log:18 - Validation réussie. Au moins 3 champs correspondent.
2024-06-12 18:43:57 INFO  Log:11 - =====================================Fin de la validation des données TEST END=========================================
2024-06-12 18:44:00 INFO  Log:7 - =====================================Validation des données TEST START=========================================
2024-06-12 18:44:00 INFO  Log:18 - Début de l'insertion des données...
2024-06-12 18:44:15 INFO  Log:18 - Résultat enregistré avec succès.
2024-06-12 18:44:15 INFO  Log:18 - Comparaison terminée. Nombre de champs corrects : 3
2024-06-12 18:44:15 INFO  Log:18 - Validation réussie. Au moins 3 champs correspondent.
2024-06-12 18:44:15 INFO  Log:11 - =====================================Fin de la validation des données TEST END=========================================
2024-06-12 18:44:17 INFO  Log:7 - =====================================Validation des données TEST START=========================================
2024-06-12 18:44:17 INFO  Log:18 - Début de l'insertion des données...
2024-06-12 18:44:33 INFO  Log:18 - Résultat enregistré avec succès.
2024-06-12 18:44:33 INFO  Log:18 - Comparaison terminée. Nombre de champs corrects : 3
2024-06-12 18:44:33 INFO  Log:18 - Validation réussie. Au moins 3 champs correspondent.
2024-06-12 18:44:33 INFO  Log:11 - =====================================Fin de la validation des données TEST END=========================================
2024-06-12 18:44:35 DEBUG cache:45 - Couldn't find template in cache for "v3html/v3-html-index.ftl"("en", UTF-8, parsed); will try to load it.
2024-06-12 18:44:35 DEBUG cache:45 - TemplateLoader.findTemplateSource("v3html/v3-html-index_en.ftl"): Not found
2024-06-12 18:44:35 DEBUG cache:45 - TemplateLoader.findTemplateSource("v3html/v3-html-index.ftl"): Found
2024-06-12 18:44:35 DEBUG cache:45 - Loading template for "v3html/v3-html-index.ftl"("en", UTF-8, parsed) from "jar:file:/C:/Users/DELL%20G15/.m2/repository/com/aventstack/extentreports/4.0.9/extentreports-4.0.9.jar!/com/aventstack/extentreports/view/v3html/v3-html-index.ftl"
2024-06-12 18:44:35 DEBUG cache:45 - Couldn't find template in cache for "v3html/v3-html-head.ftl"("en", UTF-8, parsed); will try to load it.
2024-06-12 18:44:35 DEBUG cache:45 - TemplateLoader.findTemplateSource("v3html/v3-html-head_en.ftl"): Not found
2024-06-12 18:44:35 DEBUG cache:45 - TemplateLoader.findTemplateSource("v3html/v3-html-head.ftl"): Found
2024-06-12 18:44:35 DEBUG cache:45 - Loading template for "v3html/v3-html-head.ftl"("en", UTF-8, parsed) from "jar:file:/C:/Users/DELL%20G15/.m2/repository/com/aventstack/extentreports/4.0.9/extentreports-4.0.9.jar!/com/aventstack/extentreports/view/v3html/v3-html-head.ftl"
2024-06-12 18:44:35 DEBUG cache:45 - Couldn't find template in cache for "v3html/v3-html-nav.ftl"("en", UTF-8, parsed); will try to load it.
2024-06-12 18:44:35 DEBUG cache:45 - TemplateLoader.findTemplateSource("v3html/v3-html-nav_en.ftl"): Not found
2024-06-12 18:44:35 DEBUG cache:45 - TemplateLoader.findTemplateSource("v3html/v3-html-nav.ftl"): Found
2024-06-12 18:44:35 DEBUG cache:45 - Loading template for "v3html/v3-html-nav.ftl"("en", UTF-8, parsed) from "jar:file:/C:/Users/DELL%20G15/.m2/repository/com/aventstack/extentreports/4.0.9/extentreports-4.0.9.jar!/com/aventstack/extentreports/view/v3html/v3-html-nav.ftl"
2024-06-12 18:44:35 DEBUG cache:45 - Couldn't find template in cache for "v3html/test-view/v3-html-test-view.ftl"("en", UTF-8, parsed); will try to load it.
2024-06-12 18:44:35 DEBUG cache:45 - TemplateLoader.findTemplateSource("v3html/test-view/v3-html-test-view_en.ftl"): Not found
2024-06-12 18:44:35 DEBUG cache:45 - TemplateLoader.findTemplateSource("v3html/test-view/v3-html-test-view.ftl"): Found
2024-06-12 18:44:35 DEBUG cache:45 - Loading template for "v3html/test-view/v3-html-test-view.ftl"("en", UTF-8, parsed) from "jar:file:/C:/Users/DELL%20G15/.m2/repository/com/aventstack/extentreports/4.0.9/extentreports-4.0.9.jar!/com/aventstack/extentreports/view/v3html/test-view/v3-html-test-view.ftl"
2024-06-12 18:44:35 DEBUG cache:45 - Couldn't find template in cache for "v3html/test-view/v3-html-test-view-charts.ftl"("en", UTF-8, parsed); will try to load it.
2024-06-12 18:44:35 DEBUG cache:45 - TemplateLoader.findTemplateSource("v3html/test-view/v3-html-test-view-charts_en.ftl"): Not found
2024-06-12 18:44:35 DEBUG cache:45 - TemplateLoader.findTemplateSource("v3html/test-view/v3-html-test-view-charts.ftl"): Found
2024-06-12 18:44:35 DEBUG cache:45 - Loading template for "v3html/test-view/v3-html-test-view-charts.ftl"("en", UTF-8, parsed) from "jar:file:/C:/Users/DELL%20G15/.m2/repository/com/aventstack/extentreports/4.0.9/extentreports-4.0.9.jar!/com/aventstack/extentreports/view/v3html/test-view/v3-html-test-view-charts.ftl"
2024-06-12 18:44:35 DEBUG cache:45 - Couldn't find template in cache for "v3html/test-view/v3-html-standard.ftl"("en", UTF-8, parsed); will try to load it.
2024-06-12 18:44:35 DEBUG cache:45 - TemplateLoader.findTemplateSource("v3html/test-view/v3-html-standard_en.ftl"): Not found
2024-06-12 18:44:35 DEBUG cache:45 - TemplateLoader.findTemplateSource("v3html/test-view/v3-html-standard.ftl"): Found
2024-06-12 18:44:35 DEBUG cache:45 - Loading template for "v3html/test-view/v3-html-standard.ftl"("en", UTF-8, parsed) from "jar:file:/C:/Users/DELL%20G15/.m2/repository/com/aventstack/extentreports/4.0.9/extentreports-4.0.9.jar!/com/aventstack/extentreports/view/v3html/test-view/v3-html-standard.ftl"
2024-06-12 18:44:35 DEBUG cache:45 - "v3html/test-view/v3-html-standard.ftl"("en", UTF-8, parsed) cached copy not yet stale; using cached.
2024-06-12 18:44:35 DEBUG cache:45 - "v3html/test-view/v3-html-standard.ftl"("en", UTF-8, parsed) cached copy not yet stale; using cached.
2024-06-12 18:44:35 DEBUG cache:45 - "v3html/test-view/v3-html-standard.ftl"("en", UTF-8, parsed) cached copy not yet stale; using cached.
2024-06-12 18:44:35 DEBUG cache:45 - "v3html/test-view/v3-html-standard.ftl"("en", UTF-8, parsed) cached copy not yet stale; using cached.
2024-06-12 18:44:35 DEBUG cache:45 - "v3html/test-view/v3-html-standard.ftl"("en", UTF-8, parsed) cached copy not yet stale; using cached.
2024-06-12 18:44:35 DEBUG cache:45 - Couldn't find template in cache for "v3html/category-view/v3-html-category-view.ftl"("en", UTF-8, parsed); will try to load it.
2024-06-12 18:44:35 DEBUG cache:45 - TemplateLoader.findTemplateSource("v3html/category-view/v3-html-category-view_en.ftl"): Not found
2024-06-12 18:44:35 DEBUG cache:45 - TemplateLoader.findTemplateSource("v3html/category-view/v3-html-category-view.ftl"): Found
2024-06-12 18:44:35 DEBUG cache:45 - Loading template for "v3html/category-view/v3-html-category-view.ftl"("en", UTF-8, parsed) from "jar:file:/C:/Users/DELL%20G15/.m2/repository/com/aventstack/extentreports/4.0.9/extentreports-4.0.9.jar!/com/aventstack/extentreports/view/v3html/category-view/v3-html-category-view.ftl"
2024-06-12 18:44:35 DEBUG cache:45 - Couldn't find template in cache for "v3html/exception-view/v3-html-exception-view.ftl"("en", UTF-8, parsed); will try to load it.
2024-06-12 18:44:35 DEBUG cache:45 - TemplateLoader.findTemplateSource("v3html/exception-view/v3-html-exception-view_en.ftl"): Not found
2024-06-12 18:44:35 DEBUG cache:45 - TemplateLoader.findTemplateSource("v3html/exception-view/v3-html-exception-view.ftl"): Found
2024-06-12 18:44:35 DEBUG cache:45 - Loading template for "v3html/exception-view/v3-html-exception-view.ftl"("en", UTF-8, parsed) from "jar:file:/C:/Users/DELL%20G15/.m2/repository/com/aventstack/extentreports/4.0.9/extentreports-4.0.9.jar!/com/aventstack/extentreports/view/v3html/exception-view/v3-html-exception-view.ftl"
2024-06-12 18:44:35 DEBUG cache:45 - Couldn't find template in cache for "v3html/author-view/v3-html-author-view.ftl"("en", UTF-8, parsed); will try to load it.
2024-06-12 18:44:35 DEBUG cache:45 - TemplateLoader.findTemplateSource("v3html/author-view/v3-html-author-view_en.ftl"): Not found
2024-06-12 18:44:35 DEBUG cache:45 - TemplateLoader.findTemplateSource("v3html/author-view/v3-html-author-view.ftl"): Found
2024-06-12 18:44:35 DEBUG cache:45 - Loading template for "v3html/author-view/v3-html-author-view.ftl"("en", UTF-8, parsed) from "jar:file:/C:/Users/DELL%20G15/.m2/repository/com/aventstack/extentreports/4.0.9/extentreports-4.0.9.jar!/com/aventstack/extentreports/view/v3html/author-view/v3-html-author-view.ftl"
2024-06-12 18:44:35 DEBUG cache:45 - Couldn't find template in cache for "v3html/dashboard-view/v3-html-dashboard-view.ftl"("en", UTF-8, parsed); will try to load it.
2024-06-12 18:44:35 DEBUG cache:45 - TemplateLoader.findTemplateSource("v3html/dashboard-view/v3-html-dashboard-view_en.ftl"): Not found
2024-06-12 18:44:35 DEBUG cache:45 - TemplateLoader.findTemplateSource("v3html/dashboard-view/v3-html-dashboard-view.ftl"): Found
2024-06-12 18:44:35 DEBUG cache:45 - Loading template for "v3html/dashboard-view/v3-html-dashboard-view.ftl"("en", UTF-8, parsed) from "jar:file:/C:/Users/DELL%20G15/.m2/repository/com/aventstack/extentreports/4.0.9/extentreports-4.0.9.jar!/com/aventstack/extentreports/view/v3html/dashboard-view/v3-html-dashboard-view.ftl"
2024-06-12 18:44:35 DEBUG cache:45 - Couldn't find template in cache for "v3html/logs-view/v3-html-testrunner-logs-view.ftl"("en", UTF-8, parsed); will try to load it.
2024-06-12 18:44:35 DEBUG cache:45 - TemplateLoader.findTemplateSource("v3html/logs-view/v3-html-testrunner-logs-view_en.ftl"): Not found
2024-06-12 18:44:35 DEBUG cache:45 - TemplateLoader.findTemplateSource("v3html/logs-view/v3-html-testrunner-logs-view.ftl"): Found
2024-06-12 18:44:35 DEBUG cache:45 - Loading template for "v3html/logs-view/v3-html-testrunner-logs-view.ftl"("en", UTF-8, parsed) from "jar:file:/C:/Users/DELL%20G15/.m2/repository/com/aventstack/extentreports/4.0.9/extentreports-4.0.9.jar!/com/aventstack/extentreports/view/v3html/logs-view/v3-html-testrunner-logs-view.ftl"
2024-06-12 18:54:12 INFO  Log:7 - =====================================Regression TEST START=========================================
2024-06-12 19:03:50 INFO  Log:7 - =====================================Regression TEST START=========================================
2024-06-12 19:04:13 INFO  Log:7 - =====================================Regression TEST START=========================================
2024-06-12 19:04:46 INFO  Log:7 - =====================================Regression TEST START=========================================
2024-06-12 19:05:08 INFO  Log:7 - =====================================Regression TEST START=========================================
2024-06-12 19:05:29 INFO  Log:7 - =====================================Regression TEST START=========================================
2024-06-12 19:08:45 INFO  Log:7 - =====================================Regression TEST START=========================================
2024-06-12 19:08:47 INFO  Log:7 - =====================================Regression TEST START=========================================
2024-06-12 19:08:49 INFO  Log:7 - =====================================Regression TEST START=========================================
2024-06-12 19:08:51 INFO  Log:7 - =====================================Regression TEST START=========================================
2024-06-12 19:08:53 INFO  Log:7 - =====================================Regression TEST START=========================================
2024-06-12 19:30:39 INFO  Log:7 - =====================================Validation des données TEST START=========================================
2024-06-12 19:30:39 INFO  Log:18 - Début de l'insertion des données...
2024-06-12 19:30:57 INFO  Log:18 - Résultat enregistré avec succès.
2024-06-12 19:30:57 INFO  Log:18 - Comparaison terminée. Nombre de champs corrects : 3
2024-06-12 19:30:57 INFO  Log:18 - Validation réussie. Au moins 3 champs correspondent.
2024-06-12 19:30:57 INFO  Log:11 - =====================================Fin de la validation des données TEST END=========================================
2024-06-12 19:30:59 INFO  Log:7 - =====================================Validation des données TEST START=========================================
2024-06-12 19:30:59 INFO  Log:18 - Début de l'insertion des données...
2024-06-12 19:31:26 INFO  Log:7 - =====================================Validation des données TEST START=========================================
2024-06-12 19:31:26 INFO  Log:18 - Début de l'insertion des données...
2024-06-12 19:31:43 INFO  Log:18 - Résultat enregistré avec succès.
2024-06-12 19:31:43 INFO  Log:18 - Comparaison terminée. Nombre de champs corrects : 3
2024-06-12 19:31:43 INFO  Log:18 - Validation réussie. Au moins 3 champs correspondent.
2024-06-12 19:31:43 INFO  Log:11 - =====================================Fin de la validation des données TEST END=========================================
2024-06-12 19:31:44 INFO  Log:7 - =====================================Validation des données TEST START=========================================
2024-06-12 19:31:44 INFO  Log:18 - Début de l'insertion des données...
2024-06-12 19:32:00 INFO  Log:18 - Résultat enregistré avec succès.
2024-06-12 19:32:00 INFO  Log:18 - Comparaison terminée. Nombre de champs corrects : 2
2024-06-12 19:32:00 INFO  Log:18 - La validation a échoué : Au moins 3 champs ne correspondent pas.
2024-06-12 19:32:02 INFO  Log:7 - =====================================Validation des données TEST START=========================================
2024-06-12 19:32:02 INFO  Log:18 - Début de l'insertion des données...
2024-06-12 19:32:23 INFO  Log:18 - Résultat enregistré avec succès.
2024-06-12 19:32:23 INFO  Log:18 - Comparaison terminée. Nombre de champs corrects : 0
2024-06-12 19:32:23 INFO  Log:18 - La validation a échoué : Au moins 3 champs ne correspondent pas.
2024-06-12 19:32:26 INFO  Log:7 - =====================================PerformRegressionData TEST START=========================================
2024-06-12 19:32:26 INFO  Log:18 - Test de régression pour l'ID 1.0 : Réussi
2024-06-12 19:32:26 INFO  Log:11 - =====================================PerformRegressionData TEST END=========================================
2024-06-12 19:32:28 INFO  Log:7 - =====================================PerformRegressionData TEST START=========================================
2024-06-12 19:32:28 INFO  Log:18 - Test de régression pour l'ID 2.0 : Échoué
2024-06-12 19:32:30 INFO  Log:7 - =====================================PerformRegressionData TEST START=========================================
2024-06-12 19:32:30 INFO  Log:18 - Test de régression pour l'ID 4.0 : Échoué
2024-06-12 19:32:32 INFO  Log:7 - =====================================PerformRegressionData TEST START=========================================
2024-06-12 19:32:32 INFO  Log:18 - Test de régression pour l'ID 3.0 : Réussi
2024-06-12 19:32:32 INFO  Log:11 - =====================================PerformRegressionData TEST END=========================================
2024-06-12 19:32:34 INFO  Log:7 - =====================================RegressionData TEST START=========================================
2024-06-12 19:39:51 INFO  Log:7 - =====================================Validation des données TEST START=========================================
2024-06-12 19:39:51 INFO  Log:18 - Début de l'insertion des données...
2024-06-12 19:40:09 INFO  Log:18 - Résultat enregistré avec succès.
2024-06-12 19:40:09 INFO  Log:18 - Comparaison terminée. Nombre de champs corrects : 3
2024-06-12 19:40:09 INFO  Log:18 - Validation réussie. Au moins 3 champs correspondent.
2024-06-12 19:40:09 INFO  Log:11 - =====================================Fin de la validation des données TEST END=========================================
2024-06-12 19:40:11 INFO  Log:7 - =====================================Validation des données TEST START=========================================
2024-06-12 19:40:11 INFO  Log:18 - Début de l'insertion des données...
2024-06-12 19:40:29 INFO  Log:18 - Résultat enregistré avec succès.
2024-06-12 19:40:29 INFO  Log:18 - Comparaison terminée. Nombre de champs corrects : 2
2024-06-12 19:40:29 INFO  Log:18 - La validation a échoué : Au moins 3 champs ne correspondent pas.
2024-06-12 19:40:31 INFO  Log:7 - =====================================Validation des données TEST START=========================================
2024-06-12 19:40:31 INFO  Log:18 - Début de l'insertion des données...
2024-06-12 19:40:33 INFO  Log:7 - =====================================Validation des données TEST START=========================================
2024-06-12 19:40:33 INFO  Log:18 - Début de l'insertion des données...
2024-06-12 19:40:36 INFO  Log:7 - =====================================Validation des données TEST START=========================================
2024-06-12 19:40:36 INFO  Log:18 - Début de l'insertion des données...
2024-06-12 19:40:38 INFO  Log:7 - =====================================RegressionData TEST START=========================================
2024-06-12 19:45:16 INFO  Log:7 - =====================================Validation des données TEST START=========================================
2024-06-12 19:45:16 INFO  Log:18 - Début de l'insertion des données...
2024-06-12 19:45:35 INFO  Log:18 - Résultat enregistré avec succès.
2024-06-12 19:45:35 INFO  Log:18 - Comparaison terminée. Nombre de champs corrects : 3
2024-06-12 19:45:35 INFO  Log:18 - Validation réussie. Au moins 3 champs correspondent.
2024-06-12 19:45:35 INFO  Log:11 - =====================================Fin de la validation des données TEST END=========================================
2024-06-12 19:45:37 INFO  Log:7 - =====================================Validation des données TEST START=========================================
2024-06-12 19:45:37 INFO  Log:18 - Début de l'insertion des données...
2024-06-12 19:45:58 INFO  Log:18 - Résultat enregistré avec succès.
2024-06-12 19:45:58 INFO  Log:18 - Comparaison terminée. Nombre de champs corrects : 2
2024-06-12 19:45:58 INFO  Log:18 - La validation a échoué : Au moins 3 champs ne correspondent pas.
2024-06-12 19:45:59 INFO  Log:7 - =====================================RegressionData TEST START=========================================
2024-06-12 19:46:10 INFO  Log:7 - =====================================RegressionData TEST START=========================================
2024-06-12 19:46:21 DEBUG cache:45 - Couldn't find template in cache for "v3html/v3-html-index.ftl"("en", UTF-8, parsed); will try to load it.
2024-06-12 19:46:21 DEBUG cache:45 - TemplateLoader.findTemplateSource("v3html/v3-html-index_en.ftl"): Not found
2024-06-12 19:46:21 DEBUG cache:45 - TemplateLoader.findTemplateSource("v3html/v3-html-index.ftl"): Found
2024-06-12 19:46:21 DEBUG cache:45 - Loading template for "v3html/v3-html-index.ftl"("en", UTF-8, parsed) from "jar:file:/C:/Users/DELL%20G15/.m2/repository/com/aventstack/extentreports/4.0.9/extentreports-4.0.9.jar!/com/aventstack/extentreports/view/v3html/v3-html-index.ftl"
2024-06-12 19:46:21 DEBUG cache:45 - Couldn't find template in cache for "v3html/v3-html-head.ftl"("en", UTF-8, parsed); will try to load it.
2024-06-12 19:46:21 DEBUG cache:45 - TemplateLoader.findTemplateSource("v3html/v3-html-head_en.ftl"): Not found
2024-06-12 19:46:21 DEBUG cache:45 - TemplateLoader.findTemplateSource("v3html/v3-html-head.ftl"): Found
2024-06-12 19:46:21 DEBUG cache:45 - Loading template for "v3html/v3-html-head.ftl"("en", UTF-8, parsed) from "jar:file:/C:/Users/DELL%20G15/.m2/repository/com/aventstack/extentreports/4.0.9/extentreports-4.0.9.jar!/com/aventstack/extentreports/view/v3html/v3-html-head.ftl"
2024-06-12 19:46:21 DEBUG cache:45 - Couldn't find template in cache for "v3html/v3-html-nav.ftl"("en", UTF-8, parsed); will try to load it.
2024-06-12 19:46:21 DEBUG cache:45 - TemplateLoader.findTemplateSource("v3html/v3-html-nav_en.ftl"): Not found
2024-06-12 19:46:21 DEBUG cache:45 - TemplateLoader.findTemplateSource("v3html/v3-html-nav.ftl"): Found
2024-06-12 19:46:21 DEBUG cache:45 - Loading template for "v3html/v3-html-nav.ftl"("en", UTF-8, parsed) from "jar:file:/C:/Users/DELL%20G15/.m2/repository/com/aventstack/extentreports/4.0.9/extentreports-4.0.9.jar!/com/aventstack/extentreports/view/v3html/v3-html-nav.ftl"
2024-06-12 19:46:21 DEBUG cache:45 - Couldn't find template in cache for "v3html/test-view/v3-html-test-view.ftl"("en", UTF-8, parsed); will try to load it.
2024-06-12 19:46:21 DEBUG cache:45 - TemplateLoader.findTemplateSource("v3html/test-view/v3-html-test-view_en.ftl"): Not found
2024-06-12 19:46:21 DEBUG cache:45 - TemplateLoader.findTemplateSource("v3html/test-view/v3-html-test-view.ftl"): Found
2024-06-12 19:46:21 DEBUG cache:45 - Loading template for "v3html/test-view/v3-html-test-view.ftl"("en", UTF-8, parsed) from "jar:file:/C:/Users/DELL%20G15/.m2/repository/com/aventstack/extentreports/4.0.9/extentreports-4.0.9.jar!/com/aventstack/extentreports/view/v3html/test-view/v3-html-test-view.ftl"
2024-06-12 19:46:21 DEBUG cache:45 - Couldn't find template in cache for "v3html/test-view/v3-html-test-view-charts.ftl"("en", UTF-8, parsed); will try to load it.
2024-06-12 19:46:21 DEBUG cache:45 - TemplateLoader.findTemplateSource("v3html/test-view/v3-html-test-view-charts_en.ftl"): Not found
2024-06-12 19:46:21 DEBUG cache:45 - TemplateLoader.findTemplateSource("v3html/test-view/v3-html-test-view-charts.ftl"): Found
2024-06-12 19:46:21 DEBUG cache:45 - Loading template for "v3html/test-view/v3-html-test-view-charts.ftl"("en", UTF-8, parsed) from "jar:file:/C:/Users/DELL%20G15/.m2/repository/com/aventstack/extentreports/4.0.9/extentreports-4.0.9.jar!/com/aventstack/extentreports/view/v3html/test-view/v3-html-test-view-charts.ftl"
2024-06-12 19:46:21 DEBUG cache:45 - Couldn't find template in cache for "v3html/test-view/v3-html-standard.ftl"("en", UTF-8, parsed); will try to load it.
2024-06-12 19:46:21 DEBUG cache:45 - TemplateLoader.findTemplateSource("v3html/test-view/v3-html-standard_en.ftl"): Not found
2024-06-12 19:46:21 DEBUG cache:45 - TemplateLoader.findTemplateSource("v3html/test-view/v3-html-standard.ftl"): Found
2024-06-12 19:46:21 DEBUG cache:45 - Loading template for "v3html/test-view/v3-html-standard.ftl"("en", UTF-8, parsed) from "jar:file:/C:/Users/DELL%20G15/.m2/repository/com/aventstack/extentreports/4.0.9/extentreports-4.0.9.jar!/com/aventstack/extentreports/view/v3html/test-view/v3-html-standard.ftl"
2024-06-12 19:46:21 DEBUG cache:45 - "v3html/test-view/v3-html-standard.ftl"("en", UTF-8, parsed) cached copy not yet stale; using cached.
2024-06-12 19:46:21 DEBUG cache:45 - "v3html/test-view/v3-html-standard.ftl"("en", UTF-8, parsed) cached copy not yet stale; using cached.
2024-06-12 19:46:21 DEBUG cache:45 - "v3html/test-view/v3-html-standard.ftl"("en", UTF-8, parsed) cached copy not yet stale; using cached.
2024-06-12 19:46:21 DEBUG cache:45 - "v3html/test-view/v3-html-standard.ftl"("en", UTF-8, parsed) cached copy not yet stale; using cached.
2024-06-12 19:46:21 DEBUG cache:45 - "v3html/test-view/v3-html-standard.ftl"("en", UTF-8, parsed) cached copy not yet stale; using cached.
2024-06-12 19:46:21 DEBUG cache:45 - "v3html/test-view/v3-html-standard.ftl"("en", UTF-8, parsed) cached copy not yet stale; using cached.
2024-06-12 19:46:21 DEBUG cache:45 - "v3html/test-view/v3-html-standard.ftl"("en", UTF-8, parsed) cached copy not yet stale; using cached.
2024-06-12 19:46:21 DEBUG cache:45 - "v3html/test-view/v3-html-standard.ftl"("en", UTF-8, parsed) cached copy not yet stale; using cached.
2024-06-12 19:46:21 DEBUG cache:45 - Couldn't find template in cache for "v3html/category-view/v3-html-category-view.ftl"("en", UTF-8, parsed); will try to load it.
2024-06-12 19:46:21 DEBUG cache:45 - TemplateLoader.findTemplateSource("v3html/category-view/v3-html-category-view_en.ftl"): Not found
2024-06-12 19:46:21 DEBUG cache:45 - TemplateLoader.findTemplateSource("v3html/category-view/v3-html-category-view.ftl"): Found
2024-06-12 19:46:21 DEBUG cache:45 - Loading template for "v3html/category-view/v3-html-category-view.ftl"("en", UTF-8, parsed) from "jar:file:/C:/Users/DELL%20G15/.m2/repository/com/aventstack/extentreports/4.0.9/extentreports-4.0.9.jar!/com/aventstack/extentreports/view/v3html/category-view/v3-html-category-view.ftl"
2024-06-12 19:46:21 DEBUG cache:45 - Couldn't find template in cache for "v3html/exception-view/v3-html-exception-view.ftl"("en", UTF-8, parsed); will try to load it.
2024-06-12 19:46:21 DEBUG cache:45 - TemplateLoader.findTemplateSource("v3html/exception-view/v3-html-exception-view_en.ftl"): Not found
2024-06-12 19:46:21 DEBUG cache:45 - TemplateLoader.findTemplateSource("v3html/exception-view/v3-html-exception-view.ftl"): Found
2024-06-12 19:46:21 DEBUG cache:45 - Loading template for "v3html/exception-view/v3-html-exception-view.ftl"("en", UTF-8, parsed) from "jar:file:/C:/Users/DELL%20G15/.m2/repository/com/aventstack/extentreports/4.0.9/extentreports-4.0.9.jar!/com/aventstack/extentreports/view/v3html/exception-view/v3-html-exception-view.ftl"
2024-06-12 19:46:21 DEBUG cache:45 - Couldn't find template in cache for "v3html/author-view/v3-html-author-view.ftl"("en", UTF-8, parsed); will try to load it.
2024-06-12 19:46:21 DEBUG cache:45 - TemplateLoader.findTemplateSource("v3html/author-view/v3-html-author-view_en.ftl"): Not found
2024-06-12 19:46:21 DEBUG cache:45 - TemplateLoader.findTemplateSource("v3html/author-view/v3-html-author-view.ftl"): Found
2024-06-12 19:46:21 DEBUG cache:45 - Loading template for "v3html/author-view/v3-html-author-view.ftl"("en", UTF-8, parsed) from "jar:file:/C:/Users/DELL%20G15/.m2/repository/com/aventstack/extentreports/4.0.9/extentreports-4.0.9.jar!/com/aventstack/extentreports/view/v3html/author-view/v3-html-author-view.ftl"
2024-06-12 19:46:21 DEBUG cache:45 - Couldn't find template in cache for "v3html/dashboard-view/v3-html-dashboard-view.ftl"("en", UTF-8, parsed); will try to load it.
2024-06-12 19:46:21 DEBUG cache:45 - TemplateLoader.findTemplateSource("v3html/dashboard-view/v3-html-dashboard-view_en.ftl"): Not found
2024-06-12 19:46:21 DEBUG cache:45 - TemplateLoader.findTemplateSource("v3html/dashboard-view/v3-html-dashboard-view.ftl"): Found
2024-06-12 19:46:21 DEBUG cache:45 - Loading template for "v3html/dashboard-view/v3-html-dashboard-view.ftl"("en", UTF-8, parsed) from "jar:file:/C:/Users/DELL%20G15/.m2/repository/com/aventstack/extentreports/4.0.9/extentreports-4.0.9.jar!/com/aventstack/extentreports/view/v3html/dashboard-view/v3-html-dashboard-view.ftl"
2024-06-12 19:46:21 DEBUG cache:45 - Couldn't find template in cache for "v3html/logs-view/v3-html-testrunner-logs-view.ftl"("en", UTF-8, parsed); will try to load it.
2024-06-12 19:46:21 DEBUG cache:45 - TemplateLoader.findTemplateSource("v3html/logs-view/v3-html-testrunner-logs-view_en.ftl"): Not found
2024-06-12 19:46:21 DEBUG cache:45 - TemplateLoader.findTemplateSource("v3html/logs-view/v3-html-testrunner-logs-view.ftl"): Found
2024-06-12 19:46:21 DEBUG cache:45 - Loading template for "v3html/logs-view/v3-html-testrunner-logs-view.ftl"("en", UTF-8, parsed) from "jar:file:/C:/Users/DELL%20G15/.m2/repository/com/aventstack/extentreports/4.0.9/extentreports-4.0.9.jar!/com/aventstack/extentreports/view/v3html/logs-view/v3-html-testrunner-logs-view.ftl"
2024-06-13 15:55:59 INFO  Log:7 - =====================================Validation des données TEST START=========================================
2024-06-13 15:55:59 INFO  Log:18 - Début de l'insertion des données...
2024-06-13 15:56:21 INFO  Log:18 - Résultat enregistré avec succès.
2024-06-13 15:56:21 INFO  Log:18 - Comparaison terminée. Nombre de champs corrects : 3
2024-06-13 15:56:21 INFO  Log:18 - Validation réussie. Au moins 3 champs correspondent.
2024-06-13 15:56:21 INFO  Log:11 - =====================================Fin de la validation des données TEST END=========================================
2024-06-13 15:56:23 INFO  Log:7 - =====================================Validation des données TEST START=========================================
2024-06-13 15:56:23 INFO  Log:18 - Début de l'insertion des données...
2024-06-13 15:56:41 INFO  Log:18 - Résultat enregistré avec succès.
2024-06-13 15:56:41 INFO  Log:18 - Comparaison terminée. Nombre de champs corrects : 2
2024-06-13 15:56:41 INFO  Log:18 - La validation a échoué : Au moins 3 champs ne correspondent pas.
2024-06-13 15:56:43 INFO  Log:7 - =====================================RegressionData TEST START=========================================
2024-06-13 15:57:05 INFO  Log:11 - =====================================RegressionData TEST END=========================================
2024-06-13 15:57:08 INFO  Log:7 - =====================================RegressionData TEST START=========================================
2024-06-13 15:57:34 INFO  Log:11 - =====================================RegressionData TEST END=========================================
2024-06-13 15:57:36 INFO  Log:7 - =====================================PerformRegressionData TEST START=========================================
2024-06-13 15:57:36 INFO  Log:18 - Test de régression pour l'ID 1.0 : Réussi
2024-06-13 15:57:36 INFO  Log:11 - =====================================PerformRegressionData TEST END=========================================
2024-06-13 15:57:39 INFO  Log:7 - =====================================PerformRegressionData TEST START=========================================
2024-06-13 15:57:39 INFO  Log:18 - Test de régression pour l'ID 2.0 : Échoué
2024-06-13 15:57:41 INFO  Log:7 - =====================================PerformRegressionData TEST START=========================================
2024-06-13 15:57:41 INFO  Log:18 - Test de régression pour l'ID 4.0 : Échoué
2024-06-13 15:57:43 INFO  Log:7 - =====================================PerformRegressionData TEST START=========================================
2024-06-13 15:57:43 INFO  Log:18 - Test de régression pour l'ID 3.0 : Réussi
2024-06-13 15:57:43 INFO  Log:11 - =====================================PerformRegressionData TEST END=========================================
2024-06-13 15:57:43 DEBUG cache:45 - Couldn't find template in cache for "v3html/v3-html-index.ftl"("en", UTF-8, parsed); will try to load it.
2024-06-13 15:57:43 DEBUG cache:45 - TemplateLoader.findTemplateSource("v3html/v3-html-index_en.ftl"): Not found
2024-06-13 15:57:43 DEBUG cache:45 - TemplateLoader.findTemplateSource("v3html/v3-html-index.ftl"): Found
2024-06-13 15:57:43 DEBUG cache:45 - Loading template for "v3html/v3-html-index.ftl"("en", UTF-8, parsed) from "jar:file:/C:/Users/DELL%20G15/.m2/repository/com/aventstack/extentreports/4.0.9/extentreports-4.0.9.jar!/com/aventstack/extentreports/view/v3html/v3-html-index.ftl"
2024-06-13 15:57:44 DEBUG cache:45 - Couldn't find template in cache for "v3html/v3-html-head.ftl"("en", UTF-8, parsed); will try to load it.
2024-06-13 15:57:44 DEBUG cache:45 - TemplateLoader.findTemplateSource("v3html/v3-html-head_en.ftl"): Not found
2024-06-13 15:57:44 DEBUG cache:45 - TemplateLoader.findTemplateSource("v3html/v3-html-head.ftl"): Found
2024-06-13 15:57:44 DEBUG cache:45 - Loading template for "v3html/v3-html-head.ftl"("en", UTF-8, parsed) from "jar:file:/C:/Users/DELL%20G15/.m2/repository/com/aventstack/extentreports/4.0.9/extentreports-4.0.9.jar!/com/aventstack/extentreports/view/v3html/v3-html-head.ftl"
2024-06-13 15:57:44 DEBUG cache:45 - Couldn't find template in cache for "v3html/v3-html-nav.ftl"("en", UTF-8, parsed); will try to load it.
2024-06-13 15:57:44 DEBUG cache:45 - TemplateLoader.findTemplateSource("v3html/v3-html-nav_en.ftl"): Not found
2024-06-13 15:57:44 DEBUG cache:45 - TemplateLoader.findTemplateSource("v3html/v3-html-nav.ftl"): Found
2024-06-13 15:57:44 DEBUG cache:45 - Loading template for "v3html/v3-html-nav.ftl"("en", UTF-8, parsed) from "jar:file:/C:/Users/DELL%20G15/.m2/repository/com/aventstack/extentreports/4.0.9/extentreports-4.0.9.jar!/com/aventstack/extentreports/view/v3html/v3-html-nav.ftl"
2024-06-13 15:57:44 DEBUG cache:45 - Couldn't find template in cache for "v3html/test-view/v3-html-test-view.ftl"("en", UTF-8, parsed); will try to load it.
2024-06-13 15:57:44 DEBUG cache:45 - TemplateLoader.findTemplateSource("v3html/test-view/v3-html-test-view_en.ftl"): Not found
2024-06-13 15:57:44 DEBUG cache:45 - TemplateLoader.findTemplateSource("v3html/test-view/v3-html-test-view.ftl"): Found
2024-06-13 15:57:44 DEBUG cache:45 - Loading template for "v3html/test-view/v3-html-test-view.ftl"("en", UTF-8, parsed) from "jar:file:/C:/Users/DELL%20G15/.m2/repository/com/aventstack/extentreports/4.0.9/extentreports-4.0.9.jar!/com/aventstack/extentreports/view/v3html/test-view/v3-html-test-view.ftl"
2024-06-13 15:57:44 DEBUG cache:45 - Couldn't find template in cache for "v3html/test-view/v3-html-test-view-charts.ftl"("en", UTF-8, parsed); will try to load it.
2024-06-13 15:57:44 DEBUG cache:45 - TemplateLoader.findTemplateSource("v3html/test-view/v3-html-test-view-charts_en.ftl"): Not found
2024-06-13 15:57:44 DEBUG cache:45 - TemplateLoader.findTemplateSource("v3html/test-view/v3-html-test-view-charts.ftl"): Found
2024-06-13 15:57:44 DEBUG cache:45 - Loading template for "v3html/test-view/v3-html-test-view-charts.ftl"("en", UTF-8, parsed) from "jar:file:/C:/Users/DELL%20G15/.m2/repository/com/aventstack/extentreports/4.0.9/extentreports-4.0.9.jar!/com/aventstack/extentreports/view/v3html/test-view/v3-html-test-view-charts.ftl"
2024-06-13 15:57:44 DEBUG cache:45 - Couldn't find template in cache for "v3html/test-view/v3-html-standard.ftl"("en", UTF-8, parsed); will try to load it.
2024-06-13 15:57:44 DEBUG cache:45 - TemplateLoader.findTemplateSource("v3html/test-view/v3-html-standard_en.ftl"): Not found
2024-06-13 15:57:44 DEBUG cache:45 - TemplateLoader.findTemplateSource("v3html/test-view/v3-html-standard.ftl"): Found
2024-06-13 15:57:44 DEBUG cache:45 - Loading template for "v3html/test-view/v3-html-standard.ftl"("en", UTF-8, parsed) from "jar:file:/C:/Users/DELL%20G15/.m2/repository/com/aventstack/extentreports/4.0.9/extentreports-4.0.9.jar!/com/aventstack/extentreports/view/v3html/test-view/v3-html-standard.ftl"
2024-06-13 15:57:44 DEBUG cache:45 - "v3html/test-view/v3-html-standard.ftl"("en", UTF-8, parsed) cached copy not yet stale; using cached.
2024-06-13 15:57:44 DEBUG cache:45 - "v3html/test-view/v3-html-standard.ftl"("en", UTF-8, parsed) cached copy not yet stale; using cached.
2024-06-13 15:57:44 DEBUG cache:45 - "v3html/test-view/v3-html-standard.ftl"("en", UTF-8, parsed) cached copy not yet stale; using cached.
2024-06-13 15:57:44 DEBUG cache:45 - "v3html/test-view/v3-html-standard.ftl"("en", UTF-8, parsed) cached copy not yet stale; using cached.
2024-06-13 15:57:44 DEBUG cache:45 - "v3html/test-view/v3-html-standard.ftl"("en", UTF-8, parsed) cached copy not yet stale; using cached.
2024-06-13 15:57:44 DEBUG cache:45 - "v3html/test-view/v3-html-standard.ftl"("en", UTF-8, parsed) cached copy not yet stale; using cached.
2024-06-13 15:57:44 DEBUG cache:45 - "v3html/test-view/v3-html-standard.ftl"("en", UTF-8, parsed) cached copy not yet stale; using cached.
2024-06-13 15:57:44 DEBUG cache:45 - "v3html/test-view/v3-html-standard.ftl"("en", UTF-8, parsed) cached copy not yet stale; using cached.
2024-06-13 15:57:44 DEBUG cache:45 - "v3html/test-view/v3-html-standard.ftl"("en", UTF-8, parsed) cached copy not yet stale; using cached.
2024-06-13 15:57:44 DEBUG cache:45 - "v3html/test-view/v3-html-standard.ftl"("en", UTF-8, parsed) cached copy not yet stale; using cached.
2024-06-13 15:57:44 DEBUG cache:45 - "v3html/test-view/v3-html-standard.ftl"("en", UTF-8, parsed) cached copy not yet stale; using cached.
2024-06-13 15:57:44 DEBUG cache:45 - "v3html/test-view/v3-html-standard.ftl"("en", UTF-8, parsed) cached copy not yet stale; using cached.
2024-06-13 15:57:44 DEBUG cache:45 - "v3html/test-view/v3-html-standard.ftl"("en", UTF-8, parsed) cached copy not yet stale; using cached.
2024-06-13 15:57:44 DEBUG cache:45 - "v3html/test-view/v3-html-standard.ftl"("en", UTF-8, parsed) cached copy not yet stale; using cached.
2024-06-13 15:57:44 DEBUG cache:45 - "v3html/test-view/v3-html-standard.ftl"("en", UTF-8, parsed) cached copy not yet stale; using cached.
2024-06-13 15:57:44 DEBUG cache:45 - Couldn't find template in cache for "v3html/category-view/v3-html-category-view.ftl"("en", UTF-8, parsed); will try to load it.
2024-06-13 15:57:44 DEBUG cache:45 - TemplateLoader.findTemplateSource("v3html/category-view/v3-html-category-view_en.ftl"): Not found
2024-06-13 15:57:44 DEBUG cache:45 - TemplateLoader.findTemplateSource("v3html/category-view/v3-html-category-view.ftl"): Found
2024-06-13 15:57:44 DEBUG cache:45 - Loading template for "v3html/category-view/v3-html-category-view.ftl"("en", UTF-8, parsed) from "jar:file:/C:/Users/DELL%20G15/.m2/repository/com/aventstack/extentreports/4.0.9/extentreports-4.0.9.jar!/com/aventstack/extentreports/view/v3html/category-view/v3-html-category-view.ftl"
2024-06-13 15:57:44 DEBUG cache:45 - Couldn't find template in cache for "v3html/exception-view/v3-html-exception-view.ftl"("en", UTF-8, parsed); will try to load it.
2024-06-13 15:57:44 DEBUG cache:45 - TemplateLoader.findTemplateSource("v3html/exception-view/v3-html-exception-view_en.ftl"): Not found
2024-06-13 15:57:44 DEBUG cache:45 - TemplateLoader.findTemplateSource("v3html/exception-view/v3-html-exception-view.ftl"): Found
2024-06-13 15:57:44 DEBUG cache:45 - Loading template for "v3html/exception-view/v3-html-exception-view.ftl"("en", UTF-8, parsed) from "jar:file:/C:/Users/DELL%20G15/.m2/repository/com/aventstack/extentreports/4.0.9/extentreports-4.0.9.jar!/com/aventstack/extentreports/view/v3html/exception-view/v3-html-exception-view.ftl"
2024-06-13 15:57:44 DEBUG cache:45 - Couldn't find template in cache for "v3html/author-view/v3-html-author-view.ftl"("en", UTF-8, parsed); will try to load it.
2024-06-13 15:57:44 DEBUG cache:45 - TemplateLoader.findTemplateSource("v3html/author-view/v3-html-author-view_en.ftl"): Not found
2024-06-13 15:57:44 DEBUG cache:45 - TemplateLoader.findTemplateSource("v3html/author-view/v3-html-author-view.ftl"): Found
2024-06-13 15:57:44 DEBUG cache:45 - Loading template for "v3html/author-view/v3-html-author-view.ftl"("en", UTF-8, parsed) from "jar:file:/C:/Users/DELL%20G15/.m2/repository/com/aventstack/extentreports/4.0.9/extentreports-4.0.9.jar!/com/aventstack/extentreports/view/v3html/author-view/v3-html-author-view.ftl"
2024-06-13 15:57:44 DEBUG cache:45 - Couldn't find template in cache for "v3html/dashboard-view/v3-html-dashboard-view.ftl"("en", UTF-8, parsed); will try to load it.
2024-06-13 15:57:44 DEBUG cache:45 - TemplateLoader.findTemplateSource("v3html/dashboard-view/v3-html-dashboard-view_en.ftl"): Not found
2024-06-13 15:57:44 DEBUG cache:45 - TemplateLoader.findTemplateSource("v3html/dashboard-view/v3-html-dashboard-view.ftl"): Found
2024-06-13 15:57:44 DEBUG cache:45 - Loading template for "v3html/dashboard-view/v3-html-dashboard-view.ftl"("en", UTF-8, parsed) from "jar:file:/C:/Users/DELL%20G15/.m2/repository/com/aventstack/extentreports/4.0.9/extentreports-4.0.9.jar!/com/aventstack/extentreports/view/v3html/dashboard-view/v3-html-dashboard-view.ftl"
2024-06-13 15:57:44 DEBUG cache:45 - Couldn't find template in cache for "v3html/logs-view/v3-html-testrunner-logs-view.ftl"("en", UTF-8, parsed); will try to load it.
2024-06-13 15:57:44 DEBUG cache:45 - TemplateLoader.findTemplateSource("v3html/logs-view/v3-html-testrunner-logs-view_en.ftl"): Not found
2024-06-13 15:57:44 DEBUG cache:45 - TemplateLoader.findTemplateSource("v3html/logs-view/v3-html-testrunner-logs-view.ftl"): Found
2024-06-13 15:57:44 DEBUG cache:45 - Loading template for "v3html/logs-view/v3-html-testrunner-logs-view.ftl"("en", UTF-8, parsed) from "jar:file:/C:/Users/DELL%20G15/.m2/repository/com/aventstack/extentreports/4.0.9/extentreports-4.0.9.jar!/com/aventstack/extentreports/view/v3html/logs-view/v3-html-testrunner-logs-view.ftl"
